<?xml version="1.0" encoding="UTF-8"?>
<!-- Generated by org.testng.reporters.JUnitReportReporter -->
<testsuite skipped="1" hostname="LAPTOP-HRFP19FT" name="Native.NativeAppTesting" tests="2" failures="0" timestamp="2021-01-31T01:23:30 IST" time="11.761" errors="0">
  <testcase name="test2" time="11.761" classname="Native.NativeAppTesting"/>
  <system-out/>
  <testcase name="test1" classname="Native.NativeAppTesting">
    <skipped/>
  </testcase> <!-- test1 -->
  <system-out/>
</testsuite> <!-- Native.NativeAppTesting -->
